<?xml version="1.0" encoding="UTF-8"?>
<!-- Generated by org.testng.reporters.JUnitXMLReporter -->
<testsuite ignored="0" hostname="lenovo_x380" failures="0" tests="18" name="Test3" time="0.036" errors="0" timestamp="2024-08-08T10:50:34 IST">
  <testcase classname="com.Amazokart.kidsproducttest.KidsProductTest5" name="addproduct" time="0.001"/>
  <testcase classname="com.Amazokart.kidsproducttest.KidsProductTest5" name="deleteproduct" time="0.001"/>
  <testcase classname="com.Amazokart.kidsproducttest.KidsProductTest5" name="updateproduct" time="0.001"/>
  <testcase classname="com.Amazokart.kidsproducttest.KidsProductTest6" name="addproduct" time="0.001"/>
  <testcase classname="com.Amazokart.kidsproducttest.KidsProductTest6" name="deleteproduct" time="0.0"/>
  <testcase classname="com.Amazokart.kidsproducttest.KidsProductTest6" name="updateproduct" time="0.001"/>
  <testcase classname="com.Amazokart.kidsproducttest.KidsProductTest7" name="addproduct" time="0.002"/>
  <testcase classname="com.Amazokart.kidsproducttest.KidsProductTest7" name="deleteproduct" time="0.0"/>
  <testcase classname="com.Amazokart.kidsproducttest.KidsProductTest7" name="updateproduct" time="0.001"/>
  <testcase classname="com.Amazokart.kidsproducttest.KidsProductTest8" name="addproduct" time="0.001"/>
  <testcase classname="com.Amazokart.kidsproducttest.KidsProductTest8" name="deleteproduct" time="0.001"/>
  <testcase classname="com.Amazokart.kidsproducttest.KidsProductTest8" name="updateproduct" time="0.0"/>
  <testcase classname="com.Amazokart.kidsproducttest.KidsProductTest9" name="addproduct" time="0.0"/>
  <testcase classname="com.Amazokart.kidsproducttest.KidsProductTest9" name="deleteproduct" time="0.001"/>
  <testcase classname="com.Amazokart.kidsproducttest.KidsProductTest9" name="updateproduct" time="0.0"/>
  <testcase classname="com.Amazokart.kidsproducttest.KidsProductTest10" name="addproduct" time="0.001"/>
  <testcase classname="com.Amazokart.kidsproducttest.KidsProductTest10" name="deleteproduct" time="0.0"/>
  <testcase classname="com.Amazokart.kidsproducttest.KidsProductTest10" name="updateproduct" time="0.001"/>
</testsuite> <!-- Test3 -->
