<?xml version="1.0" encoding="UTF-8"?>
<!-- Generated by org.testng.reporters.JUnitXMLReporter -->
<testsuite ignored="1" hostname="lenovo_x380" failures="0" tests="3" name="Test" time="26.347" errors="0" timestamp="2024-08-09T11:17:54 IST">
  <testcase classname="com.Amazokart.regester.test.RegisterTest" name="createUser_invalidData" time="7.798"/>
  <testcase classname="com.Amazokart.regester.test.RegisterTest" name="createUser_invalidData" time="7.733"/>
  <testcase classname="com.Amazokart.regester.test.RegisterTest" name="createUser_invalidData" time="7.621"/>
  <testcase classname="com.Amazokart.regester.test.RegisterTest" name="createUser" time="0.0">
    <ignored/>
  </testcase> <!-- createUser -->
</testsuite> <!-- Test -->
