<?xml version="1.0" encoding="UTF-8"?>
<!-- Generated by org.testng.reporters.JUnitXMLReporter -->
<testsuite ignored="2" hostname="lenovo_x380" failures="0" tests="7" name="Test2" time="0.014" errors="0" timestamp="2024-08-08T10:50:34 IST">
  <testcase classname="com.Amazokart.kidsproducttest.KidsProductTest2" name="updateproduct" time="0.002"/>
  <testcase classname="com.Amazokart.kidsproducttest.KidsProductTest2" name="updateproduct" time="0.001"/>
  <testcase classname="com.Amazokart.kidsproducttest.KidsProductTest2" name="deleteproduct" time="0.001"/>
  <testcase classname="com.Amazokart.kidsproducttest.KidsProductTest2" name="deleteproduct" time="0.001"/>
  <testcase classname="com.Amazokart.kidsproducttest.KidsProductTest1" name="addproduct" time="0.001"/>
  <testcase classname="com.Amazokart.kidsproducttest.KidsProductTest1" name="addproduct" time="0.001"/>
  <testcase classname="com.Amazokart.kidsproducttest.KidsProductTest1" name="updateproduct" time="0.0"/>
  <testcase classname="com.Amazokart.kidsproducttest.KidsProductTest1" name="deleteproduct" time="0.0">
    <ignored/>
  </testcase> <!-- deleteproduct -->
  <testcase classname="com.Amazokart.kidsproducttest.KidsProductTest2" name="addproduct" time="0.0">
    <ignored/>
  </testcase> <!-- addproduct -->
</testsuite> <!-- Test2 -->
